2026-03-01 13:23:36,031 - aqt.helper - DEBUG - helper 12148 Attempt to download checksum at https://download.qt.io/online/qtsdkrepository/windows_x86/desktop/qt6_680/qt6_680/Updates.xml.sha256
2026-03-01 13:24:19,061 - aqt.helper - DEBUG - helper 15896 Attempt to download checksum at https://download.qt.io/online/qtsdkrepository/windows_x86/desktop/qt6_680/qt6_680/Updates.xml.sha256
2026-03-01 13:24:20,944 - aqt.helper - DEBUG - helper 15896 Attempt to download checksum at https://download.qt.io/online/qtsdkrepository/windows_x86/extensions/qtpdf/680/mingw/Updates.xml.sha256
2026-03-01 13:24:22,654 - aqt.helper - DEBUG - helper 15896 Attempt to download checksum at https://download.qt.io/online/qtsdkrepository/windows_x86/extensions/qtwebengine/680/mingw/Updates.xml.sha256
2026-03-01 13:24:23,494 - aqt.helper - DEBUG - helper 15896 Attempt to download checksum at https://download.qt.io/online/qtsdkrepository/windows_x86/extensions/qtwebengine/680/mingw/Updates.xml.sha256
2026-03-01 13:24:24,326 - aqt.helper - DEBUG - helper 15896 Attempt to download checksum at https://download.qt.io/online/qtsdkrepository/windows_x86/extensions/qtwebengine/680/mingw/Updates.xml.sha256
2026-03-01 13:24:25,195 - aqt.helper - DEBUG - helper 15896 Attempt to download checksum at https://download.qt.io/online/qtsdkrepository/windows_x86/extensions/qtwebengine/680/mingw/Updates.xml.sha256
2026-03-01 13:24:26,077 - aqt.helper - DEBUG - helper 15896 Attempt to download checksum at https://download.qt.io/online/qtsdkrepository/windows_x86/extensions/qtwebengine/680/mingw/Updates.xml.sha256
2026-03-01 13:25:11,460 - aqt.main - INFO - installer 14084 aqtinstall(aqt) v3.3.0 on Python 3.14.3 [CPython MSC v.1944 64 bit (AMD64)]
2026-03-01 13:25:11,460 - aqt.helper - DEBUG - helper 14084 Attempt to download checksum at https://download.qt.io/online/qtsdkrepository/windows_x86/desktop/qt6_680/qt6_680/Updates.xml.sha256
2026-03-01 13:25:13,384 - aqt.helper - DEBUG - helper 14084 Attempt to download checksum at https://download.qt.io/online/qtsdkrepository/windows_x86/extensions/qtwebengine/680/mingw/Updates.xml.sha256
2026-03-01 13:25:14,277 - aqt.helper - DEBUG - helper 14084 Attempt to download checksum at https://download.qt.io/online/qtsdkrepository/windows_x86/extensions/qtwebengine/680/mingw/Updates.xml.sha256
2026-03-01 13:25:15,119 - aqt.helper - DEBUG - helper 14084 Attempt to download checksum at https://download.qt.io/online/qtsdkrepository/windows_x86/extensions/qtwebengine/680/mingw/Updates.xml.sha256
2026-03-01 13:25:15,949 - aqt.helper - DEBUG - helper 14084 Attempt to download checksum at https://download.qt.io/online/qtsdkrepository/windows_x86/extensions/qtwebengine/680/mingw/Updates.xml.sha256
2026-03-01 13:25:16,798 - aqt.helper - DEBUG - helper 14084 Attempt to download checksum at https://download.qt.io/online/qtsdkrepository/windows_x86/extensions/qtwebengine/680/mingw/Updates.xml.sha256
2026-03-01 13:25:17,674 - aqt.helper - DEBUG - helper 14084 Attempt to download checksum at https://download.qt.io/online/qtsdkrepository/windows_x86/extensions/qtpdf/680/mingw/Updates.xml.sha256
2026-03-01 13:25:19,425 - aqt.archives - INFO - archives 14084 Found extension qtpdf
2026-03-01 13:25:19,926 - aqt.helper - DEBUG - helper 7668 Attempt to download checksum at https://download.qt.io/online/qtsdkrepository/windows_x86/desktop/qt6_680/qt6_680/qt.qt6.680.addons.qtcharts.win64_mingw/6.8.0-0-202410030750qtcharts-Windows-Windows_10_22H2-Mingw-Windows-Windows_10_22H2-X86_64.7z.sha256
2026-03-01 13:25:19,928 - aqt.helper - DEBUG - helper 9836 Attempt to download checksum at https://download.qt.io/online/qtsdkrepository/windows_x86/desktop/qt6_680/qt6_680/qt.qt6.680.win64_mingw/6.8.0-0-202410030750qtbase-Windows-Windows_10_22H2-Mingw-Windows-Windows_10_22H2-X86_64.7z.sha256
2026-03-01 13:25:19,928 - aqt.helper - DEBUG - helper 8464 Attempt to download checksum at https://download.qt.io/online/qtsdkrepository/windows_x86/desktop/qt6_680/qt6_680/qt.qt6.680.win64_mingw/6.8.0-0-202410030750qtsvg-Windows-Windows_10_22H2-Mingw-Windows-Windows_10_22H2-X86_64.7z.sha256
2026-03-01 13:25:19,928 - aqt.helper - DEBUG - helper 12888 Attempt to download checksum at https://download.qt.io/online/qtsdkrepository/windows_x86/desktop/qt6_680/qt6_680/qt.qt6.680.win64_mingw/6.8.0-0-202410030750qtdeclarative-Windows-Windows_10_22H2-Mingw-Windows-Windows_10_22H2-X86_64.7z.sha256
2026-03-01 13:25:20,959 - aqt.helper - INFO - helper 9836 Downloading qtbase...
2026-03-01 13:25:20,959 - aqt.installer - DEBUG - installer 9836 Download URL: https://download.qt.io/online/qtsdkrepository/windows_x86/desktop/qt6_680/qt6_680/qt.qt6.680.win64_mingw/6.8.0-0-202410030750qtbase-Windows-Windows_10_22H2-Mingw-Windows-Windows_10_22H2-X86_64.7z
2026-03-01 13:25:20,971 - aqt.helper - INFO - helper 8464 Downloading qtsvg...
2026-03-01 13:25:20,972 - aqt.installer - DEBUG - installer 8464 Download URL: https://download.qt.io/online/qtsdkrepository/windows_x86/desktop/qt6_680/qt6_680/qt.qt6.680.win64_mingw/6.8.0-0-202410030750qtsvg-Windows-Windows_10_22H2-Mingw-Windows-Windows_10_22H2-X86_64.7z
2026-03-01 13:25:20,975 - aqt.helper - INFO - helper 12888 Downloading qtdeclarative...
2026-03-01 13:25:20,977 - aqt.helper - INFO - helper 7668 Downloading qtcharts...
2026-03-01 13:25:20,975 - aqt.installer - DEBUG - installer 12888 Download URL: https://download.qt.io/online/qtsdkrepository/windows_x86/desktop/qt6_680/qt6_680/qt.qt6.680.win64_mingw/6.8.0-0-202410030750qtdeclarative-Windows-Windows_10_22H2-Mingw-Windows-Windows_10_22H2-X86_64.7z
2026-03-01 13:25:20,977 - aqt.installer - DEBUG - installer 7668 Download URL: https://download.qt.io/online/qtsdkrepository/windows_x86/desktop/qt6_680/qt6_680/qt.qt6.680.addons.qtcharts.win64_mingw/6.8.0-0-202410030750qtcharts-Windows-Windows_10_22H2-Mingw-Windows-Windows_10_22H2-X86_64.7z
2026-03-01 13:25:21,962 - aqt.helper - DEBUG - helper 7668 Asked to redirect(302) to: https://mirror.maeen.sa/qtproject/online/qtsdkrepository/windows_x86/desktop/qt6_680/qt6_680/qt.qt6.680.addons.qtcharts.win64_mingw/6.8.0-0-202410030750qtcharts-Windows-Windows_10_22H2-Mingw-Windows-Windows_10_22H2-X86_64.7z
2026-03-01 13:25:21,962 - aqt.helper - DEBUG - helper 8464 Asked to redirect(302) to: https://mirror.maeen.sa/qtproject/online/qtsdkrepository/windows_x86/desktop/qt6_680/qt6_680/qt.qt6.680.win64_mingw/6.8.0-0-202410030750qtsvg-Windows-Windows_10_22H2-Mingw-Windows-Windows_10_22H2-X86_64.7z
2026-03-01 13:25:21,962 - aqt.helper - INFO - helper 7668 Redirected: mirror.maeen.sa
2026-03-01 13:25:21,963 - aqt.helper - INFO - helper 8464 Redirected: mirror.maeen.sa
2026-03-01 13:25:21,979 - aqt.helper - DEBUG - helper 12888 Asked to redirect(302) to: https://mirror.maeen.sa/qtproject/online/qtsdkrepository/windows_x86/desktop/qt6_680/qt6_680/qt.qt6.680.win64_mingw/6.8.0-0-202410030750qtdeclarative-Windows-Windows_10_22H2-Mingw-Windows-Windows_10_22H2-X86_64.7z
2026-03-01 13:25:21,979 - aqt.helper - INFO - helper 12888 Redirected: mirror.maeen.sa
2026-03-01 13:25:22,017 - aqt.helper - DEBUG - helper 9836 Asked to redirect(302) to: https://mirror.maeen.sa/qtproject/online/qtsdkrepository/windows_x86/desktop/qt6_680/qt6_680/qt.qt6.680.win64_mingw/6.8.0-0-202410030750qtbase-Windows-Windows_10_22H2-Mingw-Windows-Windows_10_22H2-X86_64.7z
2026-03-01 13:25:22,018 - aqt.helper - INFO - helper 9836 Redirected: mirror.maeen.sa
2026-03-01 13:25:22,908 - aqt.installer - INFO - installer 8464 Finished installation of qtsvg-Windows-Windows_10_22H2-Mingw-Windows-Windows_10_22H2-X86_64.7z in 2.98261440
2026-03-01 13:25:22,926 - aqt.helper - DEBUG - helper 8464 Attempt to download checksum at https://download.qt.io/online/qtsdkrepository/windows_x86/desktop/qt6_680/qt6_680/qt.qt6.680.win64_mingw/6.8.0-0-202410030750qttools-Windows-Windows_10_22H2-Mingw-Windows-Windows_10_22H2-X86_64.7z.sha256
2026-03-01 13:25:23,171 - aqt.installer - INFO - installer 7668 Finished installation of qtcharts-Windows-Windows_10_22H2-Mingw-Windows-Windows_10_22H2-X86_64.7z in 3.24849890
2026-03-01 13:25:23,184 - aqt.helper - DEBUG - helper 7668 Attempt to download checksum at https://download.qt.io/online/qtsdkrepository/windows_x86/desktop/qt6_680/qt6_680/qt.qt6.680.win64_mingw/6.8.0-0-202410030750qttranslations-Windows-Windows_10_22H2-Mingw-Windows-Windows_10_22H2-X86_64.7z.sha256
2026-03-01 13:25:23,850 - aqt.helper - INFO - helper 8464 Downloading qttools...
2026-03-01 13:25:23,851 - aqt.installer - DEBUG - installer 8464 Download URL: https://download.qt.io/online/qtsdkrepository/windows_x86/desktop/qt6_680/qt6_680/qt.qt6.680.win64_mingw/6.8.0-0-202410030750qttools-Windows-Windows_10_22H2-Mingw-Windows-Windows_10_22H2-X86_64.7z
2026-03-01 13:25:24,132 - aqt.helper - INFO - helper 7668 Downloading qttranslations...
2026-03-01 13:25:24,132 - aqt.installer - DEBUG - installer 7668 Download URL: https://download.qt.io/online/qtsdkrepository/windows_x86/desktop/qt6_680/qt6_680/qt.qt6.680.win64_mingw/6.8.0-0-202410030750qttranslations-Windows-Windows_10_22H2-Mingw-Windows-Windows_10_22H2-X86_64.7z
2026-03-01 13:25:24,760 - aqt.helper - DEBUG - helper 8464 Asked to redirect(302) to: https://mirror.maeen.sa/qtproject/online/qtsdkrepository/windows_x86/desktop/qt6_680/qt6_680/qt.qt6.680.win64_mingw/6.8.0-0-202410030750qttools-Windows-Windows_10_22H2-Mingw-Windows-Windows_10_22H2-X86_64.7z
2026-03-01 13:25:24,761 - aqt.helper - INFO - helper 8464 Redirected: mirror.maeen.sa
2026-03-01 13:25:24,996 - aqt.helper - DEBUG - helper 7668 Asked to redirect(302) to: https://mirror.maeen.sa/qtproject/online/qtsdkrepository/windows_x86/desktop/qt6_680/qt6_680/qt.qt6.680.win64_mingw/6.8.0-0-202410030750qttranslations-Windows-Windows_10_22H2-Mingw-Windows-Windows_10_22H2-X86_64.7z
2026-03-01 13:25:24,996 - aqt.helper - INFO - helper 7668 Redirected: mirror.maeen.sa
2026-03-01 13:25:26,734 - aqt.installer - INFO - installer 7668 Finished installation of qttranslations-Windows-Windows_10_22H2-Mingw-Windows-Windows_10_22H2-X86_64.7z in 3.55283960
2026-03-01 13:25:26,748 - aqt.helper - DEBUG - helper 7668 Attempt to download checksum at https://download.qt.io/online/qtsdkrepository/windows_x86/desktop/qt6_680/qt6_680/qt.qt6.680.win64_mingw/6.8.0-0-202410030750MinGW-w64-x86_64-13.1.0-release-posix-seh-msvcrt-rt_v11-rev1-runtime.7z.sha256
2026-03-01 13:25:27,663 - aqt.helper - INFO - helper 7668 Downloading MinGW...
2026-03-01 13:25:27,663 - aqt.installer - DEBUG - installer 7668 Download URL: https://download.qt.io/online/qtsdkrepository/windows_x86/desktop/qt6_680/qt6_680/qt.qt6.680.win64_mingw/6.8.0-0-202410030750MinGW-w64-x86_64-13.1.0-release-posix-seh-msvcrt-rt_v11-rev1-runtime.7z
2026-03-01 13:25:28,371 - aqt.installer - INFO - installer 9836 Finished installation of qtbase-Windows-Windows_10_22H2-Mingw-Windows-Windows_10_22H2-X86_64.7z in 8.44590790
2026-03-01 13:25:28,389 - aqt.helper - DEBUG - helper 9836 Attempt to download checksum at https://download.qt.io/online/qtsdkrepository/windows_x86/desktop/qt6_680/qt6_680/qt.qt6.680.win64_mingw/6.8.0-0-202410030750d3dcompiler_47-x64.7z.sha256
2026-03-01 13:25:28,588 - aqt.helper - DEBUG - helper 7668 Asked to redirect(302) to: https://mirror.maeen.sa/qtproject/online/qtsdkrepository/windows_x86/desktop/qt6_680/qt6_680/qt.qt6.680.win64_mingw/6.8.0-0-202410030750MinGW-w64-x86_64-13.1.0-release-posix-seh-msvcrt-rt_v11-rev1-runtime.7z
2026-03-01 13:25:28,588 - aqt.helper - INFO - helper 7668 Redirected: mirror.maeen.sa
2026-03-01 13:25:28,849 - aqt.installer - INFO - installer 8464 Finished installation of qttools-Windows-Windows_10_22H2-Mingw-Windows-Windows_10_22H2-X86_64.7z in 5.92501870
2026-03-01 13:25:28,867 - aqt.helper - DEBUG - helper 8464 Attempt to download checksum at https://download.qt.io/online/qtsdkrepository/windows_x86/desktop/qt6_680/qt6_680/qt.qt6.680.win64_mingw/6.8.0-0-202410030750opengl32sw-64-mesa_11_2_2-signed_sha256.7z.sha256
2026-03-01 13:25:29,318 - aqt.helper - INFO - helper 9836 Downloading d3dcompiler_47...
2026-03-01 13:25:29,318 - aqt.installer - DEBUG - installer 9836 Download URL: https://download.qt.io/online/qtsdkrepository/windows_x86/desktop/qt6_680/qt6_680/qt.qt6.680.win64_mingw/6.8.0-0-202410030750d3dcompiler_47-x64.7z
2026-03-01 13:25:29,470 - aqt.installer - INFO - installer 7668 Finished installation of MinGW-w64-x86_64-13.1.0-release-posix-seh-msvcrt-rt_v11-rev1-runtime.7z in 2.72421470
2026-03-01 13:25:29,801 - aqt.helper - INFO - helper 8464 Downloading opengl32sw...
2026-03-01 13:25:29,801 - aqt.installer - DEBUG - installer 8464 Download URL: https://download.qt.io/online/qtsdkrepository/windows_x86/desktop/qt6_680/qt6_680/qt.qt6.680.win64_mingw/6.8.0-0-202410030750opengl32sw-64-mesa_11_2_2-signed_sha256.7z
2026-03-01 13:25:30,189 - aqt.helper - DEBUG - helper 9836 Asked to redirect(302) to: https://mirror.maeen.sa/qtproject/online/qtsdkrepository/windows_x86/desktop/qt6_680/qt6_680/qt.qt6.680.win64_mingw/6.8.0-0-202410030750d3dcompiler_47-x64.7z
2026-03-01 13:25:30,189 - aqt.helper - INFO - helper 9836 Redirected: mirror.maeen.sa
2026-03-01 13:25:30,662 - aqt.helper - DEBUG - helper 8464 Asked to redirect(302) to: https://mirror.maeen.sa/qtproject/online/qtsdkrepository/windows_x86/desktop/qt6_680/qt6_680/qt.qt6.680.win64_mingw/6.8.0-0-202410030750opengl32sw-64-mesa_11_2_2-signed_sha256.7z
2026-03-01 13:25:30,662 - aqt.helper - INFO - helper 8464 Redirected: mirror.maeen.sa
2026-03-01 13:25:31,042 - aqt.installer - INFO - installer 9836 Finished installation of d3dcompiler_47-x64.7z in 2.65552270
2026-03-01 13:25:32,039 - aqt.installer - INFO - installer 8464 Finished installation of opengl32sw-64-mesa_11_2_2-signed_sha256.7z in 3.17436900
2026-03-01 13:25:40,418 - aqt.installer - INFO - installer 12888 Finished installation of qtdeclarative-Windows-Windows_10_22H2-Mingw-Windows-Windows_10_22H2-X86_64.7z in 20.49169800
2026-03-01 13:25:41,156 - aqt.updater - INFO - updater 14084 Patching C:\Qt\6.8.0\mingw_64\bin\qmake.exe
2026-03-01 13:25:41,161 - aqt.updater - INFO - updater 14084 Patching C:\Qt\6.8.0\mingw_64\lib\pkgconfig\Qt6Charts.pc
2026-03-01 13:25:41,162 - aqt.updater - INFO - updater 14084 Patching C:\Qt\6.8.0\mingw_64\lib\pkgconfig\Qt6ChartsQml.pc
2026-03-01 13:25:41,163 - aqt.updater - INFO - updater 14084 Patching C:\Qt\6.8.0\mingw_64\lib\pkgconfig\Qt6Concurrent.pc
2026-03-01 13:25:41,163 - aqt.updater - INFO - updater 14084 Patching C:\Qt\6.8.0\mingw_64\lib\pkgconfig\Qt6Core.pc
2026-03-01 13:25:41,164 - aqt.updater - INFO - updater 14084 Patching C:\Qt\6.8.0\mingw_64\lib\pkgconfig\Qt6DBus.pc
2026-03-01 13:25:41,164 - aqt.updater - INFO - updater 14084 Patching C:\Qt\6.8.0\mingw_64\lib\pkgconfig\Qt6Designer.pc
2026-03-01 13:25:41,165 - aqt.updater - INFO - updater 14084 Patching C:\Qt\6.8.0\mingw_64\lib\pkgconfig\Qt6Gui.pc
2026-03-01 13:25:41,165 - aqt.updater - INFO - updater 14084 Patching C:\Qt\6.8.0\mingw_64\lib\pkgconfig\Qt6Help.pc
2026-03-01 13:25:41,166 - aqt.updater - INFO - updater 14084 Patching C:\Qt\6.8.0\mingw_64\lib\pkgconfig\Qt6LabsAnimation.pc
2026-03-01 13:25:41,167 - aqt.updater - INFO - updater 14084 Patching C:\Qt\6.8.0\mingw_64\lib\pkgconfig\Qt6LabsFolderListModel.pc
2026-03-01 13:25:41,167 - aqt.updater - INFO - updater 14084 Patching C:\Qt\6.8.0\mingw_64\lib\pkgconfig\Qt6LabsPlatform.pc
2026-03-01 13:25:41,168 - aqt.updater - INFO - updater 14084 Patching C:\Qt\6.8.0\mingw_64\lib\pkgconfig\Qt6LabsQmlModels.pc
2026-03-01 13:25:41,168 - aqt.updater - INFO - updater 14084 Patching C:\Qt\6.8.0\mingw_64\lib\pkgconfig\Qt6LabsSettings.pc
2026-03-01 13:25:41,169 - aqt.updater - INFO - updater 14084 Patching C:\Qt\6.8.0\mingw_64\lib\pkgconfig\Qt6LabsSharedImage.pc
2026-03-01 13:25:41,169 - aqt.updater - INFO - updater 14084 Patching C:\Qt\6.8.0\mingw_64\lib\pkgconfig\Qt6LabsWavefrontMesh.pc
2026-03-01 13:25:41,170 - aqt.updater - INFO - updater 14084 Patching C:\Qt\6.8.0\mingw_64\lib\pkgconfig\Qt6Linguist.pc
2026-03-01 13:25:41,170 - aqt.updater - INFO - updater 14084 Patching C:\Qt\6.8.0\mingw_64\lib\pkgconfig\Qt6Network.pc
2026-03-01 13:25:41,171 - aqt.updater - INFO - updater 14084 Patching C:\Qt\6.8.0\mingw_64\lib\pkgconfig\Qt6OpenGL.pc
2026-03-01 13:25:41,171 - aqt.updater - INFO - updater 14084 Patching C:\Qt\6.8.0\mingw_64\lib\pkgconfig\Qt6OpenGLWidgets.pc
2026-03-01 13:25:41,172 - aqt.updater - INFO - updater 14084 Patching C:\Qt\6.8.0\mingw_64\lib\pkgconfig\Qt6Platform.pc
2026-03-01 13:25:41,172 - aqt.updater - INFO - updater 14084 Patching C:\Qt\6.8.0\mingw_64\lib\pkgconfig\Qt6PrintSupport.pc
2026-03-01 13:25:41,173 - aqt.updater - INFO - updater 14084 Patching C:\Qt\6.8.0\mingw_64\lib\pkgconfig\Qt6Qml.pc
2026-03-01 13:25:41,173 - aqt.updater - INFO - updater 14084 Patching C:\Qt\6.8.0\mingw_64\lib\pkgconfig\Qt6QmlAssetDownloader.pc
2026-03-01 13:25:41,174 - aqt.updater - INFO - updater 14084 Patching C:\Qt\6.8.0\mingw_64\lib\pkgconfig\Qt6QmlCompiler.pc
2026-03-01 13:25:41,175 - aqt.updater - INFO - updater 14084 Patching C:\Qt\6.8.0\mingw_64\lib\pkgconfig\Qt6QmlCore.pc
2026-03-01 13:25:41,175 - aqt.updater - INFO - updater 14084 Patching C:\Qt\6.8.0\mingw_64\lib\pkgconfig\Qt6QmlIntegration.pc
2026-03-01 13:25:41,176 - aqt.updater - INFO - updater 14084 Patching C:\Qt\6.8.0\mingw_64\lib\pkgconfig\Qt6QmlLocalStorage.pc
2026-03-01 13:25:41,176 - aqt.updater - INFO - updater 14084 Patching C:\Qt\6.8.0\mingw_64\lib\pkgconfig\Qt6QmlMeta.pc
2026-03-01 13:25:41,177 - aqt.updater - INFO - updater 14084 Patching C:\Qt\6.8.0\mingw_64\lib\pkgconfig\Qt6QmlModels.pc
2026-03-01 13:25:41,177 - aqt.updater - INFO - updater 14084 Patching C:\Qt\6.8.0\mingw_64\lib\pkgconfig\Qt6QmlNetwork.pc
2026-03-01 13:25:41,178 - aqt.updater - INFO - updater 14084 Patching C:\Qt\6.8.0\mingw_64\lib\pkgconfig\Qt6QmlWorkerScript.pc
2026-03-01 13:25:41,178 - aqt.updater - INFO - updater 14084 Patching C:\Qt\6.8.0\mingw_64\lib\pkgconfig\Qt6QmlXmlListModel.pc
2026-03-01 13:25:41,179 - aqt.updater - INFO - updater 14084 Patching C:\Qt\6.8.0\mingw_64\lib\pkgconfig\Qt6Quick.pc
2026-03-01 13:25:41,179 - aqt.updater - INFO - updater 14084 Patching C:\Qt\6.8.0\mingw_64\lib\pkgconfig\Qt6QuickControls2.pc
2026-03-01 13:25:41,180 - aqt.updater - INFO - updater 14084 Patching C:\Qt\6.8.0\mingw_64\lib\pkgconfig\Qt6QuickControls2Basic.pc
2026-03-01 13:25:41,180 - aqt.updater - INFO - updater 14084 Patching C:\Qt\6.8.0\mingw_64\lib\pkgconfig\Qt6QuickControls2BasicStyleImpl.pc
2026-03-01 13:25:41,181 - aqt.updater - INFO - updater 14084 Patching C:\Qt\6.8.0\mingw_64\lib\pkgconfig\Qt6QuickControls2FluentWinUI3StyleImpl.pc
2026-03-01 13:25:41,181 - aqt.updater - INFO - updater 14084 Patching C:\Qt\6.8.0\mingw_64\lib\pkgconfig\Qt6QuickControls2Fusion.pc
2026-03-01 13:25:41,182 - aqt.updater - INFO - updater 14084 Patching C:\Qt\6.8.0\mingw_64\lib\pkgconfig\Qt6QuickControls2FusionStyleImpl.pc
2026-03-01 13:25:41,182 - aqt.updater - INFO - updater 14084 Patching C:\Qt\6.8.0\mingw_64\lib\pkgconfig\Qt6QuickControls2Imagine.pc
2026-03-01 13:25:41,183 - aqt.updater - INFO - updater 14084 Patching C:\Qt\6.8.0\mingw_64\lib\pkgconfig\Qt6QuickControls2ImagineStyleImpl.pc
2026-03-01 13:25:41,183 - aqt.updater - INFO - updater 14084 Patching C:\Qt\6.8.0\mingw_64\lib\pkgconfig\Qt6QuickControls2Impl.pc
2026-03-01 13:25:41,184 - aqt.updater - INFO - updater 14084 Patching C:\Qt\6.8.0\mingw_64\lib\pkgconfig\Qt6QuickControls2Material.pc
2026-03-01 13:25:41,184 - aqt.updater - INFO - updater 14084 Patching C:\Qt\6.8.0\mingw_64\lib\pkgconfig\Qt6QuickControls2MaterialStyleImpl.pc
2026-03-01 13:25:41,185 - aqt.updater - INFO - updater 14084 Patching C:\Qt\6.8.0\mingw_64\lib\pkgconfig\Qt6QuickControls2Universal.pc
2026-03-01 13:25:41,185 - aqt.updater - INFO - updater 14084 Patching C:\Qt\6.8.0\mingw_64\lib\pkgconfig\Qt6QuickControls2UniversalStyleImpl.pc
2026-03-01 13:25:41,186 - aqt.updater - INFO - updater 14084 Patching C:\Qt\6.8.0\mingw_64\lib\pkgconfig\Qt6QuickControls2WindowsStyleImpl.pc
2026-03-01 13:25:41,187 - aqt.updater - INFO - updater 14084 Patching C:\Qt\6.8.0\mingw_64\lib\pkgconfig\Qt6QuickDialogs2.pc
2026-03-01 13:25:41,187 - aqt.updater - INFO - updater 14084 Patching C:\Qt\6.8.0\mingw_64\lib\pkgconfig\Qt6QuickDialogs2QuickImpl.pc
2026-03-01 13:25:41,188 - aqt.updater - INFO - updater 14084 Patching C:\Qt\6.8.0\mingw_64\lib\pkgconfig\Qt6QuickDialogs2Utils.pc
2026-03-01 13:25:41,188 - aqt.updater - INFO - updater 14084 Patching C:\Qt\6.8.0\mingw_64\lib\pkgconfig\Qt6QuickLayouts.pc
2026-03-01 13:25:41,189 - aqt.updater - INFO - updater 14084 Patching C:\Qt\6.8.0\mingw_64\lib\pkgconfig\Qt6QuickTemplates2.pc
2026-03-01 13:25:41,189 - aqt.updater - INFO - updater 14084 Patching C:\Qt\6.8.0\mingw_64\lib\pkgconfig\Qt6QuickTest.pc
2026-03-01 13:25:41,190 - aqt.updater - INFO - updater 14084 Patching C:\Qt\6.8.0\mingw_64\lib\pkgconfig\Qt6QuickVectorImage.pc
2026-03-01 13:25:41,190 - aqt.updater - INFO - updater 14084 Patching C:\Qt\6.8.0\mingw_64\lib\pkgconfig\Qt6QuickWidgets.pc
2026-03-01 13:25:41,191 - aqt.updater - INFO - updater 14084 Patching C:\Qt\6.8.0\mingw_64\lib\pkgconfig\Qt6Sql.pc
2026-03-01 13:25:41,191 - aqt.updater - INFO - updater 14084 Patching C:\Qt\6.8.0\mingw_64\lib\pkgconfig\Qt6Svg.pc
2026-03-01 13:25:41,192 - aqt.updater - INFO - updater 14084 Patching C:\Qt\6.8.0\mingw_64\lib\pkgconfig\Qt6SvgWidgets.pc
2026-03-01 13:25:41,192 - aqt.updater - INFO - updater 14084 Patching C:\Qt\6.8.0\mingw_64\lib\pkgconfig\Qt6Test.pc
2026-03-01 13:25:41,193 - aqt.updater - INFO - updater 14084 Patching C:\Qt\6.8.0\mingw_64\lib\pkgconfig\Qt6UiPlugin.pc
2026-03-01 13:25:41,193 - aqt.updater - INFO - updater 14084 Patching C:\Qt\6.8.0\mingw_64\lib\pkgconfig\Qt6UiTools.pc
2026-03-01 13:25:41,194 - aqt.updater - INFO - updater 14084 Patching C:\Qt\6.8.0\mingw_64\lib\pkgconfig\Qt6Widgets.pc
2026-03-01 13:25:41,194 - aqt.updater - INFO - updater 14084 Patching C:\Qt\6.8.0\mingw_64\lib\pkgconfig\Qt6Xml.pc
2026-03-01 13:25:41,198 - aqt.updater - INFO - updater 14084 Patching C:\Qt\6.8.0\mingw_64\lib\Qt6Charts.prl
2026-03-01 13:25:41,199 - aqt.updater - INFO - updater 14084 Patching C:\Qt\6.8.0\mingw_64\lib\Qt6ChartsQml.prl
2026-03-01 13:25:41,199 - aqt.updater - INFO - updater 14084 Patching C:\Qt\6.8.0\mingw_64\lib\Qt6Concurrent.prl
2026-03-01 13:25:41,200 - aqt.updater - INFO - updater 14084 Patching C:\Qt\6.8.0\mingw_64\lib\Qt6Core.prl
2026-03-01 13:25:41,200 - aqt.updater - INFO - updater 14084 Patching C:\Qt\6.8.0\mingw_64\lib\Qt6DBus.prl
2026-03-01 13:25:41,201 - aqt.updater - INFO - updater 14084 Patching C:\Qt\6.8.0\mingw_64\lib\Qt6Designer.prl
2026-03-01 13:25:41,201 - aqt.updater - INFO - updater 14084 Patching C:\Qt\6.8.0\mingw_64\lib\Qt6DesignerComponents.prl
2026-03-01 13:25:41,202 - aqt.updater - INFO - updater 14084 Patching C:\Qt\6.8.0\mingw_64\lib\Qt6DeviceDiscoverySupport.prl
2026-03-01 13:25:41,202 - aqt.updater - INFO - updater 14084 Patching C:\Qt\6.8.0\mingw_64\lib\Qt6EntryPoint.prl
2026-03-01 13:25:41,203 - aqt.updater - INFO - updater 14084 Patching C:\Qt\6.8.0\mingw_64\lib\Qt6ExampleIcons.prl
2026-03-01 13:25:41,203 - aqt.updater - INFO - updater 14084 Patching C:\Qt\6.8.0\mingw_64\lib\Qt6ExamplesAssetDownloader.prl
2026-03-01 13:25:41,204 - aqt.updater - INFO - updater 14084 Patching C:\Qt\6.8.0\mingw_64\lib\Qt6FbSupport.prl
2026-03-01 13:25:41,204 - aqt.updater - INFO - updater 14084 Patching C:\Qt\6.8.0\mingw_64\lib\Qt6Gui.prl
2026-03-01 13:25:41,205 - aqt.updater - INFO - updater 14084 Patching C:\Qt\6.8.0\mingw_64\lib\Qt6Help.prl
2026-03-01 13:25:41,205 - aqt.updater - INFO - updater 14084 Patching C:\Qt\6.8.0\mingw_64\lib\Qt6LabsAnimation.prl
2026-03-01 13:25:41,206 - aqt.updater - INFO - updater 14084 Patching C:\Qt\6.8.0\mingw_64\lib\Qt6LabsFolderListModel.prl
2026-03-01 13:25:41,206 - aqt.updater - INFO - updater 14084 Patching C:\Qt\6.8.0\mingw_64\lib\Qt6LabsPlatform.prl
2026-03-01 13:25:41,207 - aqt.updater - INFO - updater 14084 Patching C:\Qt\6.8.0\mingw_64\lib\Qt6LabsQmlModels.prl
2026-03-01 13:25:41,207 - aqt.updater - INFO - updater 14084 Patching C:\Qt\6.8.0\mingw_64\lib\Qt6LabsSettings.prl
2026-03-01 13:25:41,208 - aqt.updater - INFO - updater 14084 Patching C:\Qt\6.8.0\mingw_64\lib\Qt6LabsSharedImage.prl
2026-03-01 13:25:41,208 - aqt.updater - INFO - updater 14084 Patching C:\Qt\6.8.0\mingw_64\lib\Qt6LabsWavefrontMesh.prl
2026-03-01 13:25:41,209 - aqt.updater - INFO - updater 14084 Patching C:\Qt\6.8.0\mingw_64\lib\Qt6Network.prl
2026-03-01 13:25:41,210 - aqt.updater - INFO - updater 14084 Patching C:\Qt\6.8.0\mingw_64\lib\Qt6OpenGL.prl
2026-03-01 13:25:41,210 - aqt.updater - INFO - updater 14084 Patching C:\Qt\6.8.0\mingw_64\lib\Qt6OpenGLWidgets.prl
2026-03-01 13:25:41,211 - aqt.updater - INFO - updater 14084 Patching C:\Qt\6.8.0\mingw_64\lib\Qt6PacketProtocol.prl
2026-03-01 13:25:41,211 - aqt.updater - INFO - updater 14084 Patching C:\Qt\6.8.0\mingw_64\lib\Qt6PrintSupport.prl
2026-03-01 13:25:41,212 - aqt.updater - INFO - updater 14084 Patching C:\Qt\6.8.0\mingw_64\lib\Qt6Qml.prl
2026-03-01 13:25:41,212 - aqt.updater - INFO - updater 14084 Patching C:\Qt\6.8.0\mingw_64\lib\Qt6QmlAssetDownloader.prl
2026-03-01 13:25:41,213 - aqt.updater - INFO - updater 14084 Patching C:\Qt\6.8.0\mingw_64\lib\Qt6QmlCompiler.prl
2026-03-01 13:25:41,213 - aqt.updater - INFO - updater 14084 Patching C:\Qt\6.8.0\mingw_64\lib\Qt6QmlCore.prl
2026-03-01 13:25:41,214 - aqt.updater - INFO - updater 14084 Patching C:\Qt\6.8.0\mingw_64\lib\Qt6QmlDebug.prl
2026-03-01 13:25:41,214 - aqt.updater - INFO - updater 14084 Patching C:\Qt\6.8.0\mingw_64\lib\Qt6QmlDom.prl
2026-03-01 13:25:41,215 - aqt.updater - INFO - updater 14084 Patching C:\Qt\6.8.0\mingw_64\lib\Qt6QmlLocalStorage.prl
2026-03-01 13:25:41,215 - aqt.updater - INFO - updater 14084 Patching C:\Qt\6.8.0\mingw_64\lib\Qt6QmlLS.prl
2026-03-01 13:25:41,216 - aqt.updater - INFO - updater 14084 Patching C:\Qt\6.8.0\mingw_64\lib\Qt6QmlMeta.prl
2026-03-01 13:25:41,216 - aqt.updater - INFO - updater 14084 Patching C:\Qt\6.8.0\mingw_64\lib\Qt6QmlModels.prl
2026-03-01 13:25:41,217 - aqt.updater - INFO - updater 14084 Patching C:\Qt\6.8.0\mingw_64\lib\Qt6QmlNetwork.prl
2026-03-01 13:25:41,217 - aqt.updater - INFO - updater 14084 Patching C:\Qt\6.8.0\mingw_64\lib\Qt6QmlToolingSettings.prl
2026-03-01 13:25:41,218 - aqt.updater - INFO - updater 14084 Patching C:\Qt\6.8.0\mingw_64\lib\Qt6QmlTypeRegistrar.prl
2026-03-01 13:25:41,218 - aqt.updater - INFO - updater 14084 Patching C:\Qt\6.8.0\mingw_64\lib\Qt6QmlWorkerScript.prl
2026-03-01 13:25:41,219 - aqt.updater - INFO - updater 14084 Patching C:\Qt\6.8.0\mingw_64\lib\Qt6QmlXmlListModel.prl
2026-03-01 13:25:41,219 - aqt.updater - INFO - updater 14084 Patching C:\Qt\6.8.0\mingw_64\lib\Qt6Quick.prl
2026-03-01 13:25:41,220 - aqt.updater - INFO - updater 14084 Patching C:\Qt\6.8.0\mingw_64\lib\Qt6QuickControls2.prl
2026-03-01 13:25:41,220 - aqt.updater - INFO - updater 14084 Patching C:\Qt\6.8.0\mingw_64\lib\Qt6QuickControls2Basic.prl
2026-03-01 13:25:41,221 - aqt.updater - INFO - updater 14084 Patching C:\Qt\6.8.0\mingw_64\lib\Qt6QuickControls2BasicStyleImpl.prl
2026-03-01 13:25:41,222 - aqt.updater - INFO - updater 14084 Patching C:\Qt\6.8.0\mingw_64\lib\Qt6QuickControls2FluentWinUI3StyleImpl.prl
2026-03-01 13:25:41,222 - aqt.updater - INFO - updater 14084 Patching C:\Qt\6.8.0\mingw_64\lib\Qt6QuickControls2Fusion.prl
2026-03-01 13:25:41,223 - aqt.updater - INFO - updater 14084 Patching C:\Qt\6.8.0\mingw_64\lib\Qt6QuickControls2FusionStyleImpl.prl
2026-03-01 13:25:41,223 - aqt.updater - INFO - updater 14084 Patching C:\Qt\6.8.0\mingw_64\lib\Qt6QuickControls2Imagine.prl
2026-03-01 13:25:41,224 - aqt.updater - INFO - updater 14084 Patching C:\Qt\6.8.0\mingw_64\lib\Qt6QuickControls2ImagineStyleImpl.prl
2026-03-01 13:25:41,224 - aqt.updater - INFO - updater 14084 Patching C:\Qt\6.8.0\mingw_64\lib\Qt6QuickControls2Impl.prl
2026-03-01 13:25:41,225 - aqt.updater - INFO - updater 14084 Patching C:\Qt\6.8.0\mingw_64\lib\Qt6QuickControls2Material.prl
2026-03-01 13:25:41,225 - aqt.updater - INFO - updater 14084 Patching C:\Qt\6.8.0\mingw_64\lib\Qt6QuickControls2MaterialStyleImpl.prl
2026-03-01 13:25:41,226 - aqt.updater - INFO - updater 14084 Patching C:\Qt\6.8.0\mingw_64\lib\Qt6QuickControls2Universal.prl
2026-03-01 13:25:41,226 - aqt.updater - INFO - updater 14084 Patching C:\Qt\6.8.0\mingw_64\lib\Qt6QuickControls2UniversalStyleImpl.prl
2026-03-01 13:25:41,227 - aqt.updater - INFO - updater 14084 Patching C:\Qt\6.8.0\mingw_64\lib\Qt6QuickControls2WindowsStyleImpl.prl
2026-03-01 13:25:41,227 - aqt.updater - INFO - updater 14084 Patching C:\Qt\6.8.0\mingw_64\lib\Qt6QuickControlsTestUtils.prl
2026-03-01 13:25:41,228 - aqt.updater - INFO - updater 14084 Patching C:\Qt\6.8.0\mingw_64\lib\Qt6QuickDialogs2.prl
2026-03-01 13:25:41,229 - aqt.updater - INFO - updater 14084 Patching C:\Qt\6.8.0\mingw_64\lib\Qt6QuickDialogs2QuickImpl.prl
2026-03-01 13:25:41,229 - aqt.updater - INFO - updater 14084 Patching C:\Qt\6.8.0\mingw_64\lib\Qt6QuickDialogs2Utils.prl
2026-03-01 13:25:41,230 - aqt.updater - INFO - updater 14084 Patching C:\Qt\6.8.0\mingw_64\lib\Qt6QuickEffects.prl
2026-03-01 13:25:41,230 - aqt.updater - INFO - updater 14084 Patching C:\Qt\6.8.0\mingw_64\lib\Qt6QuickLayouts.prl
2026-03-01 13:25:41,231 - aqt.updater - INFO - updater 14084 Patching C:\Qt\6.8.0\mingw_64\lib\Qt6QuickParticles.prl
2026-03-01 13:25:41,231 - aqt.updater - INFO - updater 14084 Patching C:\Qt\6.8.0\mingw_64\lib\Qt6QuickShapes.prl
2026-03-01 13:25:41,232 - aqt.updater - INFO - updater 14084 Patching C:\Qt\6.8.0\mingw_64\lib\Qt6QuickTemplates2.prl
2026-03-01 13:25:41,232 - aqt.updater - INFO - updater 14084 Patching C:\Qt\6.8.0\mingw_64\lib\Qt6QuickTest.prl
2026-03-01 13:25:41,233 - aqt.updater - INFO - updater 14084 Patching C:\Qt\6.8.0\mingw_64\lib\Qt6QuickTestUtils.prl
2026-03-01 13:25:41,234 - aqt.updater - INFO - updater 14084 Patching C:\Qt\6.8.0\mingw_64\lib\Qt6QuickVectorImage.prl
2026-03-01 13:25:41,234 - aqt.updater - INFO - updater 14084 Patching C:\Qt\6.8.0\mingw_64\lib\Qt6QuickVectorImageGenerator.prl
2026-03-01 13:25:41,235 - aqt.updater - INFO - updater 14084 Patching C:\Qt\6.8.0\mingw_64\lib\Qt6QuickWidgets.prl
2026-03-01 13:25:41,235 - aqt.updater - INFO - updater 14084 Patching C:\Qt\6.8.0\mingw_64\lib\Qt6Sql.prl
2026-03-01 13:25:41,236 - aqt.updater - INFO - updater 14084 Patching C:\Qt\6.8.0\mingw_64\lib\Qt6Svg.prl
2026-03-01 13:25:41,236 - aqt.updater - INFO - updater 14084 Patching C:\Qt\6.8.0\mingw_64\lib\Qt6SvgWidgets.prl
2026-03-01 13:25:41,237 - aqt.updater - INFO - updater 14084 Patching C:\Qt\6.8.0\mingw_64\lib\Qt6Test.prl
2026-03-01 13:25:41,237 - aqt.updater - INFO - updater 14084 Patching C:\Qt\6.8.0\mingw_64\lib\Qt6UiTools.prl
2026-03-01 13:25:41,238 - aqt.updater - INFO - updater 14084 Patching C:\Qt\6.8.0\mingw_64\lib\Qt6Widgets.prl
2026-03-01 13:25:41,238 - aqt.updater - INFO - updater 14084 Patching C:\Qt\6.8.0\mingw_64\lib\Qt6Xml.prl
2026-03-01 13:25:41,239 - aqt.main - INFO - installer 14084 Finished installation
2026-03-01 13:25:41,240 - aqt.main - INFO - installer 14084 Time elapsed: 29.77975190 second
2026-03-01 13:26:24,096 - aqt.main - INFO - installer 9136 aqtinstall(aqt) v3.3.0 on Python 3.14.3 [CPython MSC v.1944 64 bit (AMD64)]
2026-03-01 13:26:24,097 - aqt.helper - DEBUG - helper 9136 Attempt to download checksum at https://download.qt.io/online/qtsdkrepository/windows_x86/desktop/tools_mingw1310/Updates.xml.sha256
2026-03-01 13:26:26,247 - aqt.helper - DEBUG - helper 14348 Attempt to download checksum at https://download.qt.io/online/qtsdkrepository/windows_x86/desktop/tools_mingw1310/qt.tools.win64_mingw1310/13.1.0-202407240918mingw1310.7z.sha256
2026-03-01 13:26:48,827 - aqt.helper - INFO - helper 14348 Downloading qt.tools.win64_mingw1310...
2026-03-01 13:26:48,827 - aqt.installer - DEBUG - installer 14348 Download URL: https://download.qt.io/online/qtsdkrepository/windows_x86/desktop/tools_mingw1310/qt.tools.win64_mingw1310/13.1.0-202407240918mingw1310.7z
2026-03-01 13:26:49,701 - aqt.helper - DEBUG - helper 14348 Asked to redirect(302) to: https://mirror.maeen.sa/qtproject/online/qtsdkrepository/windows_x86/desktop/tools_mingw1310/qt.tools.win64_mingw1310/13.1.0-202407240918mingw1310.7z
2026-03-01 13:26:49,701 - aqt.helper - INFO - helper 14348 Redirected: mirror.maeen.sa
2026-03-01 13:27:14,984 - aqt.installer - INFO - installer 14348 Finished installation of mingw1310.7z in 48.73968710
2026-03-01 13:27:15,114 - aqt.main - INFO - installer 9136 Finished installation
2026-03-01 13:27:15,115 - aqt.main - INFO - installer 9136 Time elapsed: 51.01804000 second
